{"C:\\Users\\Daniel Hagen\\OneDrive\\TrendHunterAi\\TrendHunterAI\\TrendHunterAI\\hydrogen-storefront\\src\\ai\\recommendationEngine.js": {"path":"C:\\Users\\Daniel Hagen\\OneDrive\\TrendHunterAi\\TrendHunterAI\\TrendHunterAI\\hydrogen-storefront\\src\\ai\\recommendationEngine.js","statementMap":{"0":{"start":{"line":1,"column":34},"end":{"line":3,"column":1}},"1":{"start":{"line":2,"column":4},"end":{"line":2,"column":99}},"2":{"start":{"line":2,"column":44},"end":{"line":2,"column":97}}},"fnMap":{"0":{"name":"(anonymous_0)","decl":{"start":{"line":1,"column":34},"end":{"line":1,"column":35}},"loc":{"start":{"line":1,"column":71},"end":{"line":3,"column":1}},"line":1},"1":{"name":"(anonymous_1)","decl":{"start":{"line":2,"column":33},"end":{"line":2,"column":34}},"loc":{"start":{"line":2,"column":44},"end":{"line":2,"column":97}},"line":2}},"branchMap":{},"s":{"0":1,"1":1,"2":3},"f":{"0":1,"1":3},"b":{},"_coverageSchema":"1a1c01bbd47fc00a2c39e90264f33305004495a9","hash":"b1de055d9c4e620e38fe9f6fc94eee685e893534"}
,"C:\\Users\\Daniel Hagen\\OneDrive\\TrendHunterAi\\TrendHunterAI\\TrendHunterAI\\hydrogen-storefront\\src\\ai\\trendAnalyzer.js": {"path":"C:\\Users\\Daniel Hagen\\OneDrive\\TrendHunterAi\\TrendHunterAI\\TrendHunterAI\\hydrogen-storefront\\src\\ai\\trendAnalyzer.js","statementMap":{"0":{"start":{"line":1,"column":30},"end":{"line":7,"column":1}},"1":{"start":{"line":2,"column":21},"end":{"line":2,"column":30}},"2":{"start":{"line":3,"column":4},"end":{"line":5,"column":7}},"3":{"start":{"line":4,"column":8},"end":{"line":4,"column":66}},"4":{"start":{"line":6,"column":4},"end":{"line":6,"column":63}},"5":{"start":{"line":6,"column":50},"end":{"line":6,"column":61}}},"fnMap":{"0":{"name":"(anonymous_0)","decl":{"start":{"line":1,"column":30},"end":{"line":1,"column":31}},"loc":{"start":{"line":1,"column":48},"end":{"line":7,"column":1}},"line":1},"1":{"name":"(anonymous_1)","decl":{"start":{"line":3,"column":25},"end":{"line":3,"column":26}},"loc":{"start":{"line":3,"column":43},"end":{"line":5,"column":5}},"line":3},"2":{"name":"(anonymous_2)","decl":{"start":{"line":6,"column":40},"end":{"line":6,"column":41}},"loc":{"start":{"line":6,"column":50},"end":{"line":6,"column":61}},"line":6}},"branchMap":{"0":{"loc":{"start":{"line":4,"column":32},"end":{"line":4,"column":59}},"type":"binary-expr","locations":[{"start":{"line":4,"column":32},"end":{"line":4,"column":54}},{"start":{"line":4,"column":58},"end":{"line":4,"column":59}}],"line":4}},"s":{"0":1,"1":1,"2":1,"3":3,"4":1,"5":0},"f":{"0":1,"1":3,"2":0},"b":{"0":[3,1]},"_coverageSchema":"1a1c01bbd47fc00a2c39e90264f33305004495a9","hash":"7ca533f8892826ae9c3953626079ca39ce9d4df5"}
,"C:\\Users\\Daniel Hagen\\OneDrive\\TrendHunterAi\\TrendHunterAI\\TrendHunterAI\\hydrogen-storefront\\src\\utils\\logger.js": {"path":"C:\\Users\\Daniel Hagen\\OneDrive\\TrendHunterAi\\TrendHunterAI\\TrendHunterAI\\hydrogen-storefront\\src\\utils\\logger.js","statementMap":{"0":{"start":{"line":1,"column":25},"end":{"line":4,"column":1}},"1":{"start":{"line":2,"column":22},"end":{"line":2,"column":46}},"2":{"start":{"line":3,"column":4},"end":{"line":3,"column":21}}},"fnMap":{"0":{"name":"(anonymous_0)","decl":{"start":{"line":1,"column":25},"end":{"line":1,"column":26}},"loc":{"start":{"line":1,"column":38},"end":{"line":4,"column":1}},"line":1}},"branchMap":{},"s":{"0":1,"1":1,"2":1},"f":{"0":1},"b":{},"_coverageSchema":"1a1c01bbd47fc00a2c39e90264f33305004495a9","hash":"23e8e8c649a582c1b5d3b7903522147c9b5490fd"}
}
